Question: hello
Answer: Good to see you again!
Question: hello
Answer: Good to see you again!
Question: hello
Answer: Hello!
Question: hello
Question: hello
Answer: Hello!
Question: hello
Answer: Good to see you again!
Question: hi
Answer: Hello!
Question: how are you
Answer: Good to see you again!
Question: what is stress
Answer: Stress is the body's natural response to any demand, threat or change. It is a feeling of emotional or physical tension. While some stress is normal and even necessary, too much stress can be harmful to your health and well-being.
Question: how can i fight stress
Answer: There are many ways to manage stress, such as practicing relaxation techniques like deep breathing, meditation, or yoga, engaging in regular physical activity, getting enough sleep, eating a healthy diet, connecting with others, seeking professional help if needed, and taking breaks to do things you enjoy.
Question: who is your developer
Answer: College students
Question: what do you do
Answer: You can call me Mind Reader.
Question: what do you do
Answer: I am a Chatbot.
Question: what do you do
Answer: I'm Mind Reader
Question: hello
Answer: Hi there, how can I help?
Question: hello
Answer: I am fine. Hope you are doing well as well
Question: hello
Answer: Hi there, how can I help?
Question: hello
Answer: Hi there, how can I help?
Question: hello
Answer: I am fine. Hope you are doing well as well
Question: hello
Answer: I am fine. Hope you are doing well as well
Question: hello
Answer: Hi there, how can I help?
Question: hello
Answer: Good to see you again!
Question: hello
Answer: I am fine. Hope you are doing well as well
Question: what is stress
Answer: Stress is the body's natural response to any demand, threat or change. It is a feeling of emotional or physical tension. While some stress is normal and even necessary, too much stress can be harmful to your health and well-being.
Question: what is stress
Answer: Stress is the body's natural response to any demand, threat or change. It is a feeling of emotional or physical tension. While some stress is normal and even necessary, too much stress can be harmful to your health and well-being.
Question: what is stress
Answer: Stress is the body's natural response to any demand, threat or change. It is a feeling of emotional or physical tension. While some stress is normal and even necessary, too much stress can be harmful to your health and well-being.
Question: hello
Answer: Hi there, how can I help?
Question: hello
Answer: I am fine. Hope you are doing well as well
Question: hello
Answer: Good to see you again!
Question: hello
Answer: Good to see you again!
Question: hi
Answer: Hi there, how can I help?
Question: hello
Answer: Hello!
Question: what is breathing
Answer: Deep breathing is a relaxation technique that can help reduce stress and anxiety. To practice deep breathing, find a quiet place to sit or lie down, close your eyes, and focus on your breath. Inhale deeply through your nose, filling your lungs with air, and exhale slowly through your mouth. Repeat for several minutes. The benefits of deep breathing include slowing down your heart rate, lowering your blood pressure, and reducing muscle tension.
Question: what is breathing
Answer: Deep breathing is a relaxation technique that can help reduce stress and anxiety. To practice deep breathing, find a quiet place to sit or lie down, close your eyes, and focus on your breath. Inhale deeply through your nose, filling your lungs with air, and exhale slowly through your mouth. Repeat for several minutes. The benefits of deep breathing include slowing down your heart rate, lowering your blood pressure, and reducing muscle tension.
Question: what is breathing
Answer: Deep breathing is a relaxation technique that can help reduce stress and anxiety. To practice deep breathing, find a quiet place to sit or lie down, close your eyes, and focus on your breath. Inhale deeply through your nose, filling your lungs with air, and exhale slowly through your mouth. Repeat for several minutes. The benefits of deep breathing include slowing down your heart rate, lowering your blood pressure, and reducing muscle tension.
Question: hello
Answer: I am fine. Hope you are doing well as well
Question: hi
Answer: I am fine. Hope you are doing well as well
Question: hi
Answer: Hi there, how can I help?
Question: hi
Answer: I am fine. Hope you are doing well as well
Question: hi
Answer: I am fine. Hope you are doing well as well
Question: hi
Answer: Hi there, how can I help?
Question: hi
Answer: Good to see you again!
Question: hi
Answer: Good to see you again!
Question: hello
Answer: Hi there, how can I help?
Question: tell me about stress
Answer: Stress is the body's natural response to any demand, threat or change. It is a feeling of emotional or physical tension. While some stress is normal and even necessary, too much stress can be harmful to your health and well-being.
Question: how can i overcome stress
Answer: There are many ways to manage stress, such as practicing relaxation techniques like deep breathing, meditation, or yoga, engaging in regular physical activity, getting enough sleep, eating a healthy diet, connecting with others, seeking professional help if needed, and taking breaks to do things you enjoy.
Question: how can i overcome stress
Answer: There are many ways to manage stress, such as practicing relaxation techniques like deep breathing, meditation, or yoga, engaging in regular physical activity, getting enough sleep, eating a healthy diet, connecting with others, seeking professional help if needed, and taking breaks to do things you enjoy.
Question: how can i overcome stress
Answer: There are many ways to manage stress, such as practicing relaxation techniques like deep breathing, meditation, or yoga, engaging in regular physical activity, getting enough sleep, eating a healthy diet, connecting with others, seeking professional help if needed, and taking breaks to do things you enjoy.
Question: how can i overcome stress
Answer: There are many ways to manage stress, such as practicing relaxation techniques like deep breathing, meditation, or yoga, engaging in regular physical activity, getting enough sleep, eating a healthy diet, connecting with others, seeking professional help if needed, and taking breaks to do things you enjoy.
Question: how can i overcome stress
Answer: There are many ways to manage stress, such as practicing relaxation techniques like deep breathing, meditation, or yoga, engaging in regular physical activity, getting enough sleep, eating a healthy diet, connecting with others, seeking professional help if needed, and taking breaks to do things you enjoy.
Question: hi
Answer: Hi there, how can I help?
Question: hello
Answer: Hello!
Question: how are you
Answer: I am fine. Hope you are doing well as well
Question: how are you
Answer: Good to see you again!
Question: how are you
Answer: I am fine. Hope you are doing well as well
Question: how are you
Answer: Hi there, how can I help?
Question: how are you
Answer: I am fine. Hope you are doing well as well
Question: how are you
Answer: Good to see you again!
Question: how are you
Answer: I am fine. Hope you are doing well as well
Question: how are you
Answer: Hello!
Question: hi
Answer: Hi there, how can I help?
Question: hi
Answer: Hi there, how can I help?
Question: hi
Answer: I am fine. Hope you are doing well as well
Question: hi
Answer: Hi there, how can I help?
Question: hi
Answer: I am fine. Hope you are doing well as well
Question: hi
Answer: Hello!
Question: hello
Answer: Hi there, how can I help?
Question: hello
Answer: Good to see you again!
Question: hi
Answer: Good to see you again!
Question: hi
Answer: Hi there, how can I help?
Question: hi
Answer: Hi there, how can I help?
Question: hi
Answer: Hello!
Question: hi
Answer: I am fine. Hope you are doing well as well
Question: hi
Answer: Good to see you again!
Question: hi
Answer: Hi there, how can I help?
Question: hi
Answer: Hello!
Question: hi
Answer: Hello!
Question: hello
Answer: I am fine. Hope you are doing well as well
Question: hello
Answer: I am fine. Hope you are doing well as well
Question: hello
Answer: Hello!
Question: hello
Answer: Hi there, how can I help?
Question: hello
Answer: I am fine. Hope you are doing well as well
Question: hello
Answer: Hi there, how can I help?
Question: hi
Answer: I am fine. Hope you are doing well as well
Question: hi
Answer: I am fine. Hope you are doing well as well
Question: hi
Answer: Hi there, how can I help?
Question: hello
Answer: I am fine. Hope you are doing well as well
Question: hi
Answer: Good to see you again!
Question: hi
Answer: I am fine. Hope you are doing well as well
Question: hi
Answer: Hello!
Question: hi
Answer: I am fine. Hope you are doing well as well
Question: hi
Answer: Hi there, how can I help?
Question: hi
Answer: Hi there, how can I help?
Question: hi
Answer: Hi there, how can I help?
Question: hello
Answer: Good to see you again!
Question: hello
Answer: I am fine. Hope you are doing well as well
Question: hello
Answer: Hi there, how can I help?
Question: hello
Answer: Good to see you again!
Question: hello
Answer: Good to see you again!
Question: hi
Answer: Good to see you again!
Question: hi
Answer: Hi there, how can I help?
Question: hi
Answer: Hello!
Question: hi
Answer: Good to see you again!
Question: hi
Answer: Good to see you again!
Question: hi
Answer: Good to see you again!
Question: hi
Answer: Hi there, how can I help?
Question: hi
Answer: Good to see you again!
Question: hi
Answer: I am fine. Hope you are doing well as well
Question: hi
Answer: Good to see you again!
Question: hi
Answer: I am fine. Hope you are doing well as well
Question: hi
Answer: I am fine. Hope you are doing well as well
Question: hi
Answer: Hi there, how can I help?
Question: hi
Answer: Hi there, how can I help?
Question: hi
Answer: Hello!
Question: hi
Answer: I am fine. Hope you are doing well as well
Question: hi
Answer: Hello!
Question: 
Answer: Good to see you again!
Question: hello
Answer: Hi there, how can I help?
Question: hello
Answer: Good to see you again!
Question: hi
Answer: Hi there, how can I help?
Question: hi
Answer: Hello!
Question: 
Answer: Hello!
Question: 
Answer: I am fine. Hope you are doing well as well
Question: hi
Answer: Hi there, how can I help?
Question: 
Answer: I am fine. Hope you are doing well as well
Question: hello
Answer: Hello!
Question: hello
Answer: Good to see you again!
Question: hello
Answer: I am fine. Hope you are doing well as well
Question: hello
Answer: Good to see you again!
Question: hello
Answer: Hello!
Question: hi
Answer: I am fine. Hope you are doing well as well
Question: how are you
Answer: I am fine. Hope you are doing well as well
Question: how are you
Answer: Good to see you again!
Question: hi
Answer: Good to see you again!
Question: hi
Answer: Good to see you again!
Question: hi
Answer: Hi there, how can I help?
Question: hi
Answer: Hello!
Question: hi
Question: hi
Answer: Good to see you again!
Answer: I am fine. Hope you are doing well as well
Question: hello
Answer: Hi there, how can I help?
Question: hello
Answer: Good to see you again!
Question: hi
Answer: Hello!
Question: hi
Answer: I am fine. Hope you are doing well as well
Question: 
Question: hi
Answer: I am fine. Hope you are doing well as well
Answer: I am fine. Hope you are doing well as well
Question: hi
Answer: Hi there, how can I help?
Question: hello
Answer: I am fine. Hope you are doing well as well
Question: hello
Answer: I am fine. Hope you are doing well as well
Question: how are you
Answer: Hello!
Question: whats going on
Answer: I am fine. Hope you are doing well as well
Question: hello
Answer: Hello!
Question: hello
Answer: Hello!
Question: how are you
Answer: Good to see you again!
Question: i am stressed
Answer: Talk to you later
Question: what is stress
Answer: Stress is the body's natural response to any demand, threat or change. It is a feeling of emotional or physical tension. While some stress is normal and even necessary, too much stress can be harmful to your health and well-being.
Question: talk about stress
Answer: Sad to see you go :(
Question: bye
Answer: Come back soon
Question: hello
Question: hello
Answer: I am fine. Hope you are doing well as well
Answer: Hello!
Question: hi
Answer: Good to see you again!
Question: how are you
Answer: Good to see you again!
Question: I feel i am stressed
Answer: Sad to see you go :(
Question: what is stress
Answer: Stress is the body's natural response to any demand, threat or change. It is a feeling of emotional or physical tension. While some stress is normal and even necessary, too much stress can be harmful to your health and well-being.
Question: how to feel good
Answer: Hi there, how can I help?
Question: hello
Answer: Good to see you again!
Question: I am stressed
Answer: Sorry to hear that. Please let me know how can I help.
Question: What is stress
Answer: Stress is the body's natural response to any demand, threat or change. It is a feeling of emotional or physical tension. While some stress is normal and even necessary, too much stress can be harmful to your health and well-being.
Question: How can I control stress
Answer: There are many ways to manage stress, such as practicing relaxation techniques like deep breathing, meditation, or yoga, engaging in regular physical activity, getting enough sleep, eating a healthy diet, connecting with others, seeking professional help if needed, and taking breaks to do things you enjoy.
Question: Thank you
Answer: I am a Chatbot.
Question: thank you
Answer: I am your helper
Question: bye
Answer: Sad to see you go :(
Question: hi
Answer: Hello!
Question: hi
Answer: Good to see you again!
Question: what is stress
Answer: Stress is the body's natural response to any demand, threat or change. It is a feeling of emotional or physical tension. While some stress is normal and even necessary, too much stress can be harmful to your health and well-being.
Question: how can i control stress
Answer: There are many ways to manage stress, such as practicing relaxation techniques like deep breathing, meditation, or yoga, engaging in regular physical activity, getting enough sleep, eating a healthy diet, connecting with others, seeking professional help if needed, and taking breaks to do things you enjoy.
Question: hi
Answer: Good to see you again!
Question: i am stressed
Answer: Sorry to hear that. Please let me know how can I help.
Question: how to handle stress
Answer: I am fine. Hope you are doing well as well
Question: what is stress
Answer: Stress is the body's natural response to any demand, threat or change. It is a feeling of emotional or physical tension. While some stress is normal and even necessary, too much stress can be harmful to your health and well-being.
Question: hi
Answer: I am fine. Hope you are doing well as well
Question: tell me about stress
Question: tell me about stress
Answer: Stress is the body's natural response to any demand, threat or change. It is a feeling of emotional or physical tension. While some stress is normal and even necessary, too much stress can be harmful to your health and well-being.
Question: what is stress
Answer: Stress is the body's natural response to any demand, threat or change. It is a feeling of emotional or physical tension. While some stress is normal and even necessary, too much stress can be harmful to your health and well-being.
